<?xml version="1.0" encoding="UTF-8"?>
<robot generator="Robot 3.1.1 (Python 3.7.4 on win32)" generated="20190821 23:35:13.873" rpa="false">
<suite id="s1" name="TestSuite1" source="C:\Users\luisa\Documents\GitHub\RobotFramework\tests\TestSuite1.robot">
<test id="s1-t1" name="MyFirstTest">
<kw name="Log" library="BuiltIn">
<doc>Logs the given message with the given level.</doc>
<arguments>
<arg>Hello World...</arg>
</arguments>
<msg timestamp="20190821 23:35:14.053" level="INFO">Hello World...</msg>
<status status="PASS" starttime="20190821 23:35:14.052" endtime="20190821 23:35:14.053"></status>
</kw>
<status status="PASS" starttime="20190821 23:35:14.052" endtime="20190821 23:35:14.053" critical="yes"></status>
</test>
<test id="s1-t2" name="FirstSeleniumTest">
<kw name="Open Browser" library="SeleniumLibrary">
<doc>Opens a new browser instance to the given ``url``.</doc>
<arguments>
<arg>https://google.com</arg>
<arg>chrome</arg>
</arguments>
<msg timestamp="20190821 23:35:14.055" level="INFO">Opening browser 'chrome' to base url 'https://google.com'.</msg>
<msg timestamp="20190821 23:35:14.057" level="WARN">Keyword 'Capture Page Screenshot' could not be run on failure: Cannot access execution context</msg>
<msg timestamp="20190821 23:35:14.060" level="FAIL">WebDriverException: Message: 'chromedriver' executable needs to be in PATH. Please see https://sites.google.com/a/chromium.org/chromedriver/home
</msg>
<status status="FAIL" starttime="20190821 23:35:14.054" endtime="20190821 23:35:14.060"></status>
</kw>
<status status="FAIL" starttime="20190821 23:35:14.054" endtime="20190821 23:35:14.060" critical="yes">WebDriverException: Message: 'chromedriver' executable needs to be in PATH. Please see https://sites.google.com/a/chromium.org/chromedriver/home
</status>
</test>
<status status="FAIL" starttime="20190821 23:35:13.876" endtime="20190821 23:35:14.061"></status>
</suite>
<statistics>
<total>
<stat pass="1" fail="1">Critical Tests</stat>
<stat pass="1" fail="1">All Tests</stat>
</total>
<tag>
</tag>
<suite>
<stat pass="1" fail="1" id="s1" name="TestSuite1">TestSuite1</stat>
</suite>
</statistics>
<errors>
<msg timestamp="20190821 23:35:14.057" level="WARN">Keyword 'Capture Page Screenshot' could not be run on failure: Cannot access execution context</msg>
</errors>
</robot>
